<?xml version="1.0" encoding="UTF-8"?>
<!-- Generated by org.testng.reporters.JUnitXMLReporter -->
<testsuite ignored="4" hostname="DESKTOP-FKNOICC" failures="0" tests="1" name="Default test" time="38.184" errors="0" timestamp="2024-04-22T16:52:41 EET">
  <testcase classname="glameraExecute.GlameraExecute" name="validLogin" time="7.0"/>
  <testcase classname="glameraExecute.GlameraExecute" name="invalidLoginByphone" time="0.0">
    <ignored/>
  </testcase> <!-- invalidLoginByphone -->
  <testcase classname="glameraExecute.GlameraExecute" name="invalidLoginBypassword" time="0.0">
    <ignored/>
  </testcase> <!-- invalidLoginBypassword -->
  <testcase classname="glameraExecute.GlameraExecute" name="loginWithPassswordOnly" time="0.0">
    <ignored/>
  </testcase> <!-- loginWithPassswordOnly -->
  <testcase classname="glameraExecute.GlameraExecute" name="loginWithPhoneNoOnly" time="0.0">
    <ignored/>
  </testcase> <!-- loginWithPhoneNoOnly -->
</testsuite> <!-- Default test -->
