<?xml version="1.0" encoding="UTF-8"?>
<testng-results ignored="4" total="5" passed="1" failed="0" skipped="0">
  <reporter-output>
  </reporter-output>
  <suite started-at="2024-04-22T16:52:03 EET" name="Default suite" finished-at="2024-04-22T16:52:41 EET" duration-ms="38184">
    <groups>
    </groups>
    <test started-at="2024-04-22T16:52:03 EET" name="Default test" finished-at="2024-04-22T16:52:41 EET" duration-ms="38184">
      <class name="glameraExecute.GlameraExecute">
        <test-method is-config="true" signature="beforeMethod()[pri:0, instance:glameraExecute.GlameraExecute@a530d0a]" started-at="2024-04-22T16:52:03 EET" name="beforeMethod" finished-at="2024-04-22T16:52:33 EET" duration-ms="30516" status="PASS">
          <reporter-output>
          </reporter-output>
        </test-method> <!-- beforeMethod -->
        <test-method signature="validLogin()[pri:1, instance:glameraExecute.GlameraExecute@a530d0a]" started-at="2024-04-22T16:52:33 EET" name="validLogin" finished-at="2024-04-22T16:52:40 EET" duration-ms="7000" status="PASS">
          <reporter-output>
          </reporter-output>
        </test-method> <!-- validLogin -->
        <test-method is-config="true" signature="afterMethod()[pri:0, instance:glameraExecute.GlameraExecute@a530d0a]" started-at="2024-04-22T16:52:40 EET" name="afterMethod" finished-at="2024-04-22T16:52:41 EET" duration-ms="566" status="PASS">
          <reporter-output>
          </reporter-output>
        </test-method> <!-- afterMethod -->
      </class> <!-- glameraExecute.GlameraExecute -->
    </test> <!-- Default test -->
  </suite> <!-- Default suite -->
</testng-results>
